<?xml version="1.0" encoding="UTF-8"?>
<!-- Generated by org.testng.reporters.JUnitReportReporter -->
<testsuite skipped="0" hostname="HP-PC" name="org.base.Get" tests="1" failures="0" timestamp="20 Jun 2022 16:14:50 GMT" time="26.403" errors="0">
  <testcase name="getUser" time="26.403" classname="org.base.Get"/>
</testsuite> <!-- org.base.Get -->
