<?xml version="1.0" encoding="UTF-8"?>
<!-- Generated by org.testng.reporters.JUnitReportReporter -->
<testsuite skipped="0" hostname="HP-PC" name="org.base.Create" tests="1" failures="0" timestamp="20 Jun 2022 15:59:44 GMT" time="4.268" errors="0">
  <testcase name="createUser" time="4.268" classname="org.base.Create"/>
</testsuite> <!-- org.base.Create -->
