<?xml version="1.0" encoding="UTF-8"?>
<!-- Generated by org.testng.reporters.JUnitReportReporter -->
<testsuite skipped="0" hostname="HP-PC" name="org.config.Login" tests="1" failures="0" timestamp="23 Jun 2022 04:41:08 GMT" time="4.469" errors="0">
  <testcase name="Login1" time="4.469" classname="org.config.Login"/>
</testsuite> <!-- org.config.Login -->
