<?xml version="1.0" encoding="UTF-8"?>
<!-- Generated by org.testng.reporters.JUnitReportReporter -->
<testsuite skipped="0" hostname="HP-PC" name="org.base.Update" tests="1" failures="0" timestamp="20 Jun 2022 16:00:20 GMT" time="3.057" errors="0">
  <testcase name="updataUser" time="3.057" classname="org.base.Update"/>
</testsuite> <!-- org.base.Update -->
