<?xml version="1.0" encoding="UTF-8"?>
<!-- Generated by org.testng.reporters.JUnitReportReporter -->
<testsuite skipped="0" hostname="HP-PC" name="org.base.Delete" tests="4" failures="0" timestamp="20 Jun 2022 16:16:34 GMT" time="4.441" errors="0">
  <testcase name="createUser" time="3.008" classname="org.base.Delete"/>
  <testcase name="updataUser" time="0.522" classname="org.base.Delete"/>
  <testcase name="getUser" time="0.283" classname="org.base.Delete"/>
  <testcase name="deleteUser" time="0.628" classname="org.base.Delete"/>
</testsuite> <!-- org.base.Delete -->
